<?xml version="1.0" encoding="UTF-8"?>
<!-- Generated by org.testng.reporters.JUnitXMLReporter -->
<testsuite ignored="0" hostname="Ishitas-MacBook-Pro.local" failures="0" tests="6" name="Surefire test" time="20.858" errors="0" timestamp="2026-04-08T13:53:19 EDT">
  <testcase classname="SpotifyHomePageTest" name="@BeforeClass setUp" time="20.831">
    <failure type="org.openqa.selenium.TimeoutException" message="Expected condition failed: waiting for visibility of element located by By.id: login-username (tried for 15 second(s) with 500 milliseconds interval)
Build info: version: &amp;apos;4.18.1&amp;apos;, revision: &amp;apos;b1d3319b48&amp;apos;
System info: os.name: &amp;apos;Mac OS X&amp;apos;, os.arch: &amp;apos;aarch64&amp;apos;, os.version: &amp;apos;14.2.1&amp;apos;, java.version: &amp;apos;21.0.10&amp;apos;
Driver info: org.openqa.selenium.chrome.ChromeDriver
Capabilities {acceptInsecureCerts: true, browserName: chrome, browserVersion: 146.0.7680.178, chrome: {chromedriverVersion: 146.0.7680.164 (bbd8c5dd25f..., userDataDir: /var/folders/8q/6th9_nqx2z7...}, fedcm:accounts: true, goog:chromeOptions: {debuggerAddress: localhost:54371}, goog:processID: 54795, networkConnectionEnabled: false, pageLoadStrategy: normal, platformName: mac, proxy: Proxy(), se:cdp: ws://localhost:54371/devtoo..., se:cdpVersion: 146.0.7680.178, setWindowRect: true, strictFileInteractability: false, timeouts: {implicit: 0, pageLoad: 300000, script: 30000}, unhandledPromptBehavior: dismiss and notify, webauthn:extension:credBlob: true, webauthn:extension:largeBlob: true, webauthn:extension:minPinLength: true, webauthn:extension:prf: true, webauthn:virtualAuthenticators: true}
Session ID: bffd699bf69267d3c2d8b695fc75a3da">
      <![CDATA[org.openqa.selenium.TimeoutException: Expected condition failed: waiting for visibility of element located by By.id: login-username (tried for 15 second(s) with 500 milliseconds interval)
Build info: version: '4.18.1', revision: 'b1d3319b48'
System info: os.name: 'Mac OS X', os.arch: 'aarch64', os.version: '14.2.1', java.version: '21.0.10'
Driver info: org.openqa.selenium.chrome.ChromeDriver
Capabilities {acceptInsecureCerts: true, browserName: chrome, browserVersion: 146.0.7680.178, chrome: {chromedriverVersion: 146.0.7680.164 (bbd8c5dd25f..., userDataDir: /var/folders/8q/6th9_nqx2z7...}, fedcm:accounts: true, goog:chromeOptions: {debuggerAddress: localhost:54371}, goog:processID: 54795, networkConnectionEnabled: false, pageLoadStrategy: normal, platformName: mac, proxy: Proxy(), se:cdp: ws://localhost:54371/devtoo..., se:cdpVersion: 146.0.7680.178, setWindowRect: true, strictFileInteractability: false, timeouts: {implicit: 0, pageLoad: 300000, script: 30000}, unhandledPromptBehavior: dismiss and notify, webauthn:extension:credBlob: true, webauthn:extension:largeBlob: true, webauthn:extension:minPinLength: true, webauthn:extension:prf: true, webauthn:virtualAuthenticators: true}
Session ID: bffd699bf69267d3c2d8b695fc75a3da
at org.openqa.selenium.support.ui.WebDriverWait.timeoutException(WebDriverWait.java:84)
at org.openqa.selenium.support.ui.FluentWait.until(FluentWait.java:228)
at SpotifyHomePageTest.loginToSpotify(SpotifyHomePageTest.java:30)
at SpotifyHomePageTest.setUp(SpotifyHomePageTest.java:23)
at java.base/java.util.ArrayList.forEach(ArrayList.java:1596)
... Removed 28 stack frames]]>
    </failure>
  </testcase> <!-- @BeforeClass setUp -->
  <testcase classname="SpotifyHomePageTest" name="@AfterClass tearDown" time="0.0">
    <skipped/>
  </testcase> <!-- @AfterClass tearDown -->
  <testcase classname="SpotifyHomePageTest" name="testHomePageLoadsAfterLogin" time="0.0">
    <skipped/>
  </testcase> <!-- testHomePageLoadsAfterLogin -->
  <testcase classname="SpotifyHomePageTest" name="testScrollDownHomepage" time="0.0">
    <skipped/>
  </testcase> <!-- testScrollDownHomepage -->
  <testcase classname="SpotifyHomePageTest" name="testClickMusicTab" time="0.0">
    <skipped/>
  </testcase> <!-- testClickMusicTab -->
  <testcase classname="SpotifyHomePageTest" name="testClickPodcastsTab" time="0.0">
    <skipped/>
  </testcase> <!-- testClickPodcastsTab -->
  <testcase classname="SpotifyHomePageTest" name="testCreatePlaylistButtonVisible" time="0.0">
    <skipped/>
  </testcase> <!-- testCreatePlaylistButtonVisible -->
  <testcase classname="SpotifyHomePageTest" name="testScrollBackToTop" time="0.0">
    <skipped/>
  </testcase> <!-- testScrollBackToTop -->
</testsuite> <!-- Surefire test -->
