<?xml version="1.0" encoding="UTF-8"?>
<testsuite xmlns:xsi="http://www.w3.org/2001/XMLSchema-instance" xsi:noNamespaceSchemaLocation="https://maven.apache.org/surefire/maven-surefire-plugin/xsd/surefire-test-report-3.0.xsd" version="3.0" name="TestSuite" time="390.326" tests="47" errors="0" skipped="0" failures="0">
  <properties>
[...]
</properties>
  <testcase name="testClickMusicAndScroll" classname="SpotifyHomePageTest" time="5.134">
    <system-out><![CDATA[Loaded 7 cookies
After cookie load — URL: https://open.spotify.com/
TEST 1: Clicking Music tab...
TEST 1: On Music — https://open.spotify.com/home?facet=music-chip
TEST 1: Scrolling through music content...
  Scrolled through 0 cards
TEST 1: Done scrolling music
]]></system-out>
    <system-err><![CDATA[SLF4J: Failed to load class "org.slf4j.impl.StaticLoggerBinder".
SLF4J: Defaulting to no-operation (NOP) logger implementation
SLF4J: See http://www.slf4j.org/codes.html#StaticLoggerBinder for further details.
Apr 09, 2026 12:32:55 AM org.openqa.selenium.devtools.CdpVersionFinder findNearestMatch
WARNING: Unable to find CDP implementation matching 146
Apr 09, 2026 12:32:55 AM org.openqa.selenium.chromium.ChromiumDriver lambda$new$5
WARNING: Unable to find version of CDP to use for 146.0.7680.178. You may need to include a dependency on a specific version of the CDP using something similar to `org.seleniumhq.selenium:selenium-devtools-v86:4.18.1` where the version ("v86") matches the version of the chromium-based browser you're using and the version number of the artifact is the same as Selenium's.
]]></system-err>
  </testcase>
  <testcase name="testClickPodcastsAndScroll" classname="SpotifyHomePageTest" time="5.123">
    <system-out><![CDATA[TEST 2: Clicking Podcasts tab...
TEST 2: On Podcasts — https://open.spotify.com/home?facet=podcasts-chip
TEST 2: Scrolling through podcast content...
  Scrolled through 0 cards
TEST 2: Done scrolling podcasts
]]></system-out>
  </testcase>
  <testcase name="testClickAudiobooksAndScroll" classname="SpotifyHomePageTest" time="5.111">
    <system-out><![CDATA[TEST 3: Clicking Audiobooks tab...
TEST 3: On Audiobooks — https://open.spotify.com/home?facet=audiobooks-chip
TEST 3: Scrolling through audiobooks content...
  Scrolled through 0 cards
TEST 3: Done scrolling audiobooks
]]></system-out>
  </testcase>
  <testcase name="testGoBackToMusicAndClickFollowing" classname="SpotifyHomePageTest" time="6.199">
    <system-out><![CDATA[TEST 4: Going back to Music tab...
TEST 4: Back on Music — https://open.spotify.com/home?facet=music-chip
TEST 4: Clicking Following tab...
TEST 4: On Following — https://open.spotify.com/home?facet=music-following-chip
]]></system-out>
  </testcase>
  <testcase name="testClickBrowseArtistsAndScroll" classname="SpotifyHomePageTest" time="5.104">
    <system-out><![CDATA[TEST 5: Looking for Browse artists button...
TEST 5: Clicked Browse artists — https://open.spotify.com/genre/0JQ5DAqbMKFSi39LMRT0Cy
  Scrolled through 0 cards
TEST 5: Scrolled through artists
]]></system-out>
  </testcase>
  <testcase name="testHomePageIsHTTPS" classname="SpotifyHomePageTest" time="3.552">
    <system-out><![CDATA[TEST 6: URL = https://open.spotify.com/
]]></system-out>
  </testcase>
  <testcase name="testSearchDrake" classname="SpotifySearchTest" time="10.939">
    <system-out><![CDATA[Loaded 7 cookies
After cookie load — URL: https://open.spotify.com/
TEST 1: Searched Drake — URL: https://open.spotify.com/search/Drake
]]></system-out>
    <system-err><![CDATA[Apr 09, 2026 12:33:40 AM org.openqa.selenium.devtools.CdpVersionFinder findNearestMatch
WARNING: Unable to find CDP implementation matching 146
Apr 09, 2026 12:33:40 AM org.openqa.selenium.chromium.ChromiumDriver lambda$new$5
WARNING: Unable to find version of CDP to use for 146.0.7680.178. You may need to include a dependency on a specific version of the CDP using something similar to `org.seleniumhq.selenium:selenium-devtools-v86:4.18.1` where the version ("v86") matches the version of the chromium-based browser you're using and the version number of the artifact is the same as Selenium's.
]]></system-err>
  </testcase>
  <testcase name="testOpenDrakeAlbum" classname="SpotifySearchTest" time="4.494">
    <system-out><![CDATA[TEST 2: Album page title = $ome $exy $ongs 4 U - Album by PARTYNEXTDOOR, Drake | Spotify
]]></system-out>
  </testcase>
  <testcase name="testLikeFirstSong" classname="SpotifySearchTest" time="9.056">
    <system-out><![CDATA[TEST 3: Right clicked first song
TEST 3: Saved to Liked Songs!
]]></system-out>
  </testcase>
  <testcase name="testAddSongToPlaylistViaMenu" classname="SpotifySearchTest" time="12.863">
    <system-out><![CDATA[TEST 4: Clicked ... menu
TEST 4: Added song to My Playlist #2!
]]></system-out>
  </testcase>
  <testcase name="testSearchHonestlyNevermind" classname="SpotifySearchTest" time="10.785">
    <system-out><![CDATA[TEST 5: Searched Honestly Nevermind — URL: https://open.spotify.com/search/Honestly%20Nevermind
]]></system-out>
  </testcase>
  <testcase name="testAddHonestlyNevermindSongToPlaylist" classname="SpotifySearchTest" time="18.36">
    <system-out><![CDATA[TEST 6: Clicked Albums tab
TEST 6: Opened album — https://open.spotify.com/album/3cf4iSSKd8ffTncbtKljXw
TEST 6: Added Honestly Nevermind song to playlist!
]]></system-out>
  </testcase>
  <testcase name="testLoginPageLoads" classname="SpotifyLoginPageTest" time="5.318">
    <system-out><![CDATA[TEST 1: Login page title = Spotify
]]></system-out>
    <system-err><![CDATA[Apr 09, 2026 12:35:01 AM org.openqa.selenium.devtools.CdpVersionFinder findNearestMatch
WARNING: Unable to find CDP implementation matching 146
Apr 09, 2026 12:35:01 AM org.openqa.selenium.chromium.ChromiumDriver lambda$new$5
WARNING: Unable to find version of CDP to use for 146.0.7680.178. You may need to include a dependency on a specific version of the CDP using something similar to `org.seleniumhq.selenium:selenium-devtools-v86:4.18.1` where the version ("v86") matches the version of the chromium-based browser you're using and the version number of the artifact is the same as Selenium's.
]]></system-err>
  </testcase>
  <testcase name="testLoginPageURLIsHTTPS" classname="SpotifyLoginPageTest" time="2.212">
    <system-out><![CDATA[TEST 2: URL = https://accounts.spotify.com/en/login
]]></system-out>
  </testcase>
  <testcase name="testEmailFieldHighlightedAndFilled" classname="SpotifyLoginPageTest" time="9.986">
    <system-out><![CDATA[TEST 3: Email typed = ijchakkalakkal8062@eagle.fgcu.edu
]]></system-out>
  </testcase>
  <testcase name="testEmailContinueAndPasswordField" classname="SpotifyLoginPageTest" time="18.813">
    <system-out><![CDATA[TEST 4: Password field visible = true
]]></system-out>
  </testcase>
  <testcase name="testFullLoginAndVerifyHomepage" classname="SpotifyLoginPageTest" time="27.651">
    <system-out><![CDATA[TEST 5: After login URL = https://challenge.spotify.com/c/1671f550-6bc3-42ae-8895-1536db95e0bf-5/1c8e413a-6d1b-46ce-915e-e4830c6677aa/recaptcha?flow_ctx=a1c01cbc-9a5e-4d7b-b9e2-610f6670b85d%3A1775730958
]]></system-out>
  </testcase>
  <testcase name="testVerifyLoggedInWithCookies" classname="SpotifyLoginPageTest" time="10.729">
    <system-out><![CDATA[Loaded 7 cookies
After cookie load — URL: https://open.spotify.com/
TEST 6: Logged in URL = https://open.spotify.com/
]]></system-out>
  </testcase>
  <testcase name="testSignupPageLoads" classname="SpotifySignupPageTest" time="7.285">
    <system-out><![CDATA[TEST 1: Signup page title = Sign up - Spotify
]]></system-out>
    <system-err><![CDATA[Apr 09, 2026 12:36:17 AM org.openqa.selenium.devtools.CdpVersionFinder findNearestMatch
WARNING: Unable to find CDP implementation matching 146
Apr 09, 2026 12:36:17 AM org.openqa.selenium.chromium.ChromiumDriver lambda$new$5
WARNING: Unable to find version of CDP to use for 146.0.7680.178. You may need to include a dependency on a specific version of the CDP using something similar to `org.seleniumhq.selenium:selenium-devtools-v86:4.18.1` where the version ("v86") matches the version of the chromium-based browser you're using and the version number of the artifact is the same as Selenium's.
]]></system-err>
  </testcase>
  <testcase name="testInvalidEmailFormatShowsError" classname="SpotifySignupPageTest" time="11.739">
    <system-out><![CDATA[TEST 2: Typing invalid email format...
TEST 2: Invalid format error shown = true
]]></system-out>
  </testcase>
  <testcase name="testExistingEmailShowsError" classname="SpotifySignupPageTest" time="14.884">
    <system-out><![CDATA[TEST 3: Typing existing school email...
TEST 3: Existing email error detected = true
]]></system-out>
  </testcase>
  <testcase name="testValidEmailAcceptedAndFormLoads" classname="SpotifySignupPageTest" time="16.496">
    <system-out><![CDATA[TEST 4: Typing valid new email...
TEST 4: Next step loaded = true
]]></system-out>
  </testcase>
  <testcase name="testSignupPageIsHTTPS" classname="SpotifySignupPageTest" time="2.287">
    <system-out><![CDATA[TEST 5: URL = https://www.spotify.com/us/signup
]]></system-out>
  </testcase>
  <testcase name="testSignupTitleContainsSpotify" classname="SpotifySignupPageTest" time="3.268">
    <system-out><![CDATA[TEST 6: Title = Sign up - Spotify
]]></system-out>
  </testcase>
  <testcase name="testHomeNavigation" classname="SpotifyNavigationTest" time="4.394">
    <system-out><![CDATA[TEST 1: Home page title = Spotify - Web Player: Music for everyone
]]></system-out>
    <system-err><![CDATA[Apr 09, 2026 12:37:14 AM org.openqa.selenium.devtools.CdpVersionFinder findNearestMatch
WARNING: Unable to find CDP implementation matching 146
Apr 09, 2026 12:37:14 AM org.openqa.selenium.chromium.ChromiumDriver lambda$new$5
WARNING: Unable to find version of CDP to use for 146.0.7680.178. You may need to include a dependency on a specific version of the CDP using something similar to `org.seleniumhq.selenium:selenium-devtools-v86:4.18.1` where the version ("v86") matches the version of the chromium-based browser you're using and the version number of the artifact is the same as Selenium's.
]]></system-err>
  </testcase>
  <testcase name="testPremiumJourney" classname="SpotifyNavigationTest" time="7.064">
    <system-out><![CDATA[Clicked: Premium
TEST 2: Premium URL = https://www.spotify.com/us/premium/
]]></system-out>
  </testcase>
  <testcase name="testDownloadJourney" classname="SpotifyNavigationTest" time="6.963">
    <system-out><![CDATA[Clicked: Download
TEST 3: Download URL = https://open.spotify.com/
]]></system-out>
  </testcase>
  <testcase name="testSupportJourney" classname="SpotifyNavigationTest" time="10.972">
    <system-out><![CDATA[Clicked: Support
Switched to new window/tab
Switched to new window/tab
TEST 4: Support URL = https://support.spotify.com/us/
]]></system-out>
  </testcase>
  <testcase name="testLogoHomeRedirect" classname="SpotifyNavigationTest" time="5.521">
    <system-out><![CDATA[TEST 5: After logo click URL = https://www.spotify.com/us/premium/#start-of-content
]]></system-out>
  </testcase>
  <testcase name="testFooterExists" classname="SpotifyNavigationTest" time="5.493">
    <system-out><![CDATA[TEST 6: Footer visible and highlighted
]]></system-out>
  </testcase>
  <testcase name="testPageLoadAndHeading" classname="SpotifyPremiumPageTest" time="5.142">
    <system-out><![CDATA[TEST 1: Heading found and highlighted yellow
]]></system-out>
    <system-err><![CDATA[Apr 09, 2026 12:37:57 AM org.openqa.selenium.devtools.CdpVersionFinder findNearestMatch
WARNING: Unable to find CDP implementation matching 146
Apr 09, 2026 12:37:57 AM org.openqa.selenium.chromium.ChromiumDriver lambda$new$5
WARNING: Unable to find version of CDP to use for 146.0.7680.178. You may need to include a dependency on a specific version of the CDP using something similar to `org.seleniumhq.selenium:selenium-devtools-v86:4.18.1` where the version ("v86") matches the version of the chromium-based browser you're using and the version number of the artifact is the same as Selenium's.
]]></system-err>
  </testcase>
  <testcase name="testPremiumContentPresence" classname="SpotifyPremiumPageTest" time="4.51">
    <system-out><![CDATA[TEST 2: Premium content verified on page
]]></system-out>
  </testcase>
  <testcase name="testPremiumPageContainsIndividualPlan" classname="SpotifyPremiumPageTest" time="2.46">
    <system-out><![CDATA[TEST 3: Individual plan found on premium page
]]></system-out>
  </testcase>
  <testcase name="testScrollToFooter" classname="SpotifyPremiumPageTest" time="5.985">
    <system-out><![CDATA[TEST 4: Scrolled to footer and highlighted green
]]></system-out>
  </testcase>
  <testcase name="testSupportLinkHighlighted" classname="SpotifyPremiumPageTest" time="5.538">
    <system-out><![CDATA[TEST 5: Support link highlighted cyan
]]></system-out>
  </testcase>
  <testcase name="testLoginButtonHighlightedAndClickable" classname="SpotifyPremiumPageTest" time="7.295">
    <system-out><![CDATA[TEST 6: Login button highlighted yellow — clicking
]]></system-out>
  </testcase>
  <testcase name="testDownloadPageNavigation" classname="SpotifyDownloadPageTest" time="3.061">
    <system-out><![CDATA[TEST 1: Download page successfully loaded — Mac download - Spotify
]]></system-out>
    <system-err><![CDATA[Apr 09, 2026 12:38:33 AM org.openqa.selenium.devtools.CdpVersionFinder findNearestMatch
WARNING: Unable to find CDP implementation matching 146
Apr 09, 2026 12:38:33 AM org.openqa.selenium.chromium.ChromiumDriver lambda$new$5
WARNING: Unable to find version of CDP to use for 146.0.7680.178. You may need to include a dependency on a specific version of the CDP using something similar to `org.seleniumhq.selenium:selenium-devtools-v86:4.18.1` where the version ("v86") matches the version of the chromium-based browser you're using and the version number of the artifact is the same as Selenium's.
]]></system-err>
  </testcase>
  <testcase name="testHighlightMicrosoftStoreButton" classname="SpotifyDownloadPageTest" time="3.563">
    <system-out><![CDATA[TEST 2: Microsoft Store button highlighted cyan
]]></system-out>
  </testcase>
  <testcase name="testDirectDownloadLink" classname="SpotifyDownloadPageTest" time="6.178">
    <system-out><![CDATA[TEST 3: Download link found and highlighted pink
]]></system-out>
  </testcase>
  <testcase name="testLoginLinkInteractivity" classname="SpotifyDownloadPageTest" time="3.048">
    <system-out><![CDATA[TEST 4: Log in link highlighted yellow
]]></system-out>
  </testcase>
  <testcase name="testDownloadPageContainsMac" classname="SpotifyDownloadPageTest" time="2.607">
    <system-out><![CDATA[TEST 5: Mac download option confirmed
]]></system-out>
  </testcase>
  <testcase name="testHeaderBrandingIntegrity" classname="SpotifyDownloadPageTest" time="2.54">
    <system-out><![CDATA[TEST 6: Spotify logo/branding confirmed
]]></system-out>
  </testcase>
  <testcase name="testHomePageResponse200" classname="SpotifyAccessibilityTest" time="0.663">
    <system-out><![CDATA[TEST 1: Homepage response code = 200
]]></system-out>
    <system-err><![CDATA[Apr 09, 2026 12:39:07 AM org.openqa.selenium.devtools.CdpVersionFinder findNearestMatch
WARNING: Unable to find CDP implementation matching 146
Apr 09, 2026 12:39:07 AM org.openqa.selenium.chromium.ChromiumDriver lambda$new$5
WARNING: Unable to find version of CDP to use for 146.0.7680.178. You may need to include a dependency on a specific version of the CDP using something similar to `org.seleniumhq.selenium:selenium-devtools-v86:4.18.1` where the version ("v86") matches the version of the chromium-based browser you're using and the version number of the artifact is the same as Selenium's.
]]></system-err>
  </testcase>
  <testcase name="testPremiumPageResponse200" classname="SpotifyAccessibilityTest" time="0.532">
    <system-out><![CDATA[TEST 2: Premium page response code = 200
]]></system-out>
  </testcase>
  <testcase name="testDownloadPageResponse200" classname="SpotifyAccessibilityTest" time="0.956">
    <system-out><![CDATA[TEST 3: Download page response code = 200
]]></system-out>
  </testcase>
  <testcase name="testPageHeaderVisibility" classname="SpotifyAccessibilityTest" time="6.165">
    <system-out><![CDATA[TEST 4: Header is visible and highlighted purple
]]></system-out>
  </testcase>
  <testcase name="testFooterIntegrity" classname="SpotifyAccessibilityTest" time="5.505">
    <system-out><![CDATA[TEST 5: Footer found and highlighted orange
]]></system-out>
  </testcase>
</testsuite>