<?xml version="1.0" encoding="UTF-8"?>
<testsuite xmlns:xsi="http://www.w3.org/2001/XMLSchema-instance" xsi:noNamespaceSchemaLocation="https://maven.apache.org/surefire/maven-surefire-plugin/xsd/surefire-test-report-3.0.xsd" version="3.0" name="TestSuite" time="110.49" tests="24" errors="0" skipped="0" failures="1">
  <properties>
[...]
</properties>
  <testcase name="testHomePageTitle" classname="SpotifyHomePageTest" time="4.552">
    <system-out><![CDATA[Page title: Spotify - Web Player: Music for everyone
]]></system-out>
    <system-err><![CDATA[SLF4J: Failed to load class "org.slf4j.impl.StaticLoggerBinder".
SLF4J: Defaulting to no-operation (NOP) logger implementation
SLF4J: See http://www.slf4j.org/codes.html#StaticLoggerBinder for further details.
Apr 07, 2026 1:52:23 PM org.openqa.selenium.devtools.CdpVersionFinder findNearestMatch
WARNING: Unable to find CDP implementation matching 146
Apr 07, 2026 1:52:23 PM org.openqa.selenium.chromium.ChromiumDriver lambda$new$5
WARNING: Unable to find version of CDP to use for 146.0.7680.178. You may need to include a dependency on a specific version of the CDP using something similar to `org.seleniumhq.selenium:selenium-devtools-v86:4.18.1` where the version ("v86") matches the version of the chromium-based browser you're using and the version number of the artifact is the same as Selenium's.
]]></system-err>
  </testcase>
  <testcase name="testHomePageURL" classname="SpotifyHomePageTest" time="2.366">
    <system-out><![CDATA[Current URL: https://open.spotify.com/
]]></system-out>
  </testcase>
  <testcase name="testLoginButtonPresent" classname="SpotifyHomePageTest" time="2.365">
    <system-out><![CDATA[Login button found: Log in
]]></system-out>
  </testcase>
  <testcase name="testSignupButtonPresent" classname="SpotifyHomePageTest" time="2.31">
    <system-out><![CDATA[Signup button found: Sign up
]]></system-out>
  </testcase>
  <testcase name="testPageNotEmpty" classname="SpotifyHomePageTest" time="2.529">
    <system-out><![CDATA[Page loaded with content, length: 2052
]]></system-out>
  </testcase>
  <testcase name="testHomePageLoadsSuccessfully" classname="SpotifyHomePageTest" time="2.364">
    <system-out><![CDATA[Homepage loaded successfully over HTTPS
]]></system-out>
  </testcase>
  <testcase name="testSearchPageURL" classname="SpotifySearchTest" time="3.484">
    <system-out><![CDATA[Search URL: https://open.spotify.com/search
]]></system-out>
    <system-err><![CDATA[Apr 07, 2026 1:52:41 PM org.openqa.selenium.devtools.CdpVersionFinder findNearestMatch
WARNING: Unable to find CDP implementation matching 146
Apr 07, 2026 1:52:41 PM org.openqa.selenium.chromium.ChromiumDriver lambda$new$5
WARNING: Unable to find version of CDP to use for 146.0.7680.178. You may need to include a dependency on a specific version of the CDP using something similar to `org.seleniumhq.selenium:selenium-devtools-v86:4.18.1` where the version ("v86") matches the version of the chromium-based browser you're using and the version number of the artifact is the same as Selenium's.
]]></system-err>
  </testcase>
  <testcase name="testSearchPageTitle" classname="SpotifySearchTest" time="2.347">
    <system-out><![CDATA[Search page title: Spotify – Search
]]></system-out>
  </testcase>
  <testcase name="testSearchPageLoads" classname="SpotifySearchTest" time="2.437">
    <system-out><![CDATA[Search page loaded with content, length: 1605
]]></system-out>
  </testcase>
  <testcase name="testSearchURLContainsSearch" classname="SpotifySearchTest" time="2.258">
    <system-out><![CDATA[Search URL confirmed: https://open.spotify.com/search
]]></system-out>
  </testcase>
  <testcase name="testSearchPageHTTPS" classname="SpotifySearchTest" time="2.345">
    <system-out><![CDATA[Search page loads securely: https://open.spotify.com/search
]]></system-out>
  </testcase>
  <testcase name="testSearchPageNotEqualToHome" classname="SpotifySearchTest" time="4.645">
    <system-out><![CDATA[Search and home URLs are different — confirmed
]]></system-out>
  </testcase>
  <testcase name="testLoginPageLoads" classname="SpotifyLoginPageTest" time="4.064">
    <system-out><![CDATA[Login page title: Spotify
]]></system-out>
    <system-err><![CDATA[Apr 07, 2026 1:53:00 PM org.openqa.selenium.devtools.CdpVersionFinder findNearestMatch
WARNING: Unable to find CDP implementation matching 146
Apr 07, 2026 1:53:00 PM org.openqa.selenium.chromium.ChromiumDriver lambda$new$5
WARNING: Unable to find version of CDP to use for 146.0.7680.178. You may need to include a dependency on a specific version of the CDP using something similar to `org.seleniumhq.selenium:selenium-devtools-v86:4.18.1` where the version ("v86") matches the version of the chromium-based browser you're using and the version number of the artifact is the same as Selenium's.
]]></system-err>
  </testcase>
  <testcase name="testLoginPageURL" classname="SpotifyLoginPageTest" time="3.189">
    <system-out><![CDATA[Login URL: https://accounts.spotify.com/en/login
]]></system-out>
  </testcase>
  <testcase name="testUsernameFieldPresent" classname="SpotifyLoginPageTest" time="3.161">
    <system-out><![CDATA[Username field found and visible
]]></system-out>
  </testcase>
  <testcase name="testPasswordFieldPresent" classname="SpotifyLoginPageTest" time="13.193">
    <failure message="no such element: Unable to locate element: {&quot;method&quot;:&quot;xpath&quot;,&quot;selector&quot;:&quot;//input[@type=&apos;password&apos; or @data-testid=&apos;login-password&apos; or @name=&apos;password&apos;]&quot;}&#10;  (Session info: chrome=146.0.7680.178)&#10;For documentation on this error, please visit: https://www.selenium.dev/documentation/webdriver/troubleshooting/errors#no-such-element-exception&#10;Build info: version: &apos;4.18.1&apos;, revision: &apos;b1d3319b48&apos;&#10;System info: os.name: &apos;Mac OS X&apos;, os.arch: &apos;aarch64&apos;, os.version: &apos;14.2.1&apos;, java.version: &apos;21.0.10&apos;&#10;Driver info: org.openqa.selenium.chrome.ChromeDriver&#10;Command: [ed1088ad3a2e6366f9dd139058b83939, findElement {using=xpath, value=//input[@type=&apos;password&apos; or @data-testid=&apos;login-password&apos; or @name=&apos;password&apos;]}]&#10;Capabilities {acceptInsecureCerts: true, browserName: chrome, browserVersion: 146.0.7680.178, chrome: {chromedriverVersion: 146.0.7680.164 (bbd8c5dd25f..., userDataDir: /var/folders/8q/6th9_nqx2z7...}, fedcm:accounts: true, goog:chromeOptions: {debuggerAddress: localhost:57769}, goog:processID: 89248, networkConnectionEnabled: false, pageLoadStrategy: normal, platformName: mac, proxy: Proxy(), se:cdp: ws://localhost:57769/devtoo..., se:cdpVersion: 146.0.7680.178, setWindowRect: true, strictFileInteractability: false, timeouts: {implicit: 0, pageLoad: 300000, script: 30000}, unhandledPromptBehavior: dismiss and notify, webauthn:extension:credBlob: true, webauthn:extension:largeBlob: true, webauthn:extension:minPinLength: true, webauthn:extension:prf: true, webauthn:virtualAuthenticators: true}&#10;Session ID: ed1088ad3a2e6366f9dd139058b83939" type="org.openqa.selenium.NoSuchElementException"><![CDATA[org.openqa.selenium.NoSuchElementException: 
no such element: Unable to locate element: {"method":"xpath","selector":"//input[@type='password' or @data-testid='login-password' or @name='password']"}
  (Session info: chrome=146.0.7680.178)
For documentation on this error, please visit: https://www.selenium.dev/documentation/webdriver/troubleshooting/errors#no-such-element-exception
Build info: version: '4.18.1', revision: 'b1d3319b48'
System info: os.name: 'Mac OS X', os.arch: 'aarch64', os.version: '14.2.1', java.version: '21.0.10'
Driver info: org.openqa.selenium.chrome.ChromeDriver
Command: [ed1088ad3a2e6366f9dd139058b83939, findElement {using=xpath, value=//input[@type='password' or @data-testid='login-password' or @name='password']}]
Capabilities {acceptInsecureCerts: true, browserName: chrome, browserVersion: 146.0.7680.178, chrome: {chromedriverVersion: 146.0.7680.164 (bbd8c5dd25f..., userDataDir: /var/folders/8q/6th9_nqx2z7...}, fedcm:accounts: true, goog:chromeOptions: {debuggerAddress: localhost:57769}, goog:processID: 89248, networkConnectionEnabled: false, pageLoadStrategy: normal, platformName: mac, proxy: Proxy(), se:cdp: ws://localhost:57769/devtoo..., se:cdpVersion: 146.0.7680.178, setWindowRect: true, strictFileInteractability: false, timeouts: {implicit: 0, pageLoad: 300000, script: 30000}, unhandledPromptBehavior: dismiss and notify, webauthn:extension:credBlob: true, webauthn:extension:largeBlob: true, webauthn:extension:minPinLength: true, webauthn:extension:prf: true, webauthn:virtualAuthenticators: true}
Session ID: ed1088ad3a2e6366f9dd139058b83939
	at java.base/jdk.internal.reflect.DirectConstructorHandleAccessor.newInstance(DirectConstructorHandleAccessor.java:62)
	at java.base/java.lang.reflect.Constructor.newInstanceWithCaller(Constructor.java:502)
	at java.base/java.lang.reflect.Constructor.newInstance(Constructor.java:486)
	at org.openqa.selenium.remote.ErrorCodec.decode(ErrorCodec.java:167)
	at org.openqa.selenium.remote.codec.w3c.W3CHttpResponseCodec.decode(W3CHttpResponseCodec.java:138)
	at org.openqa.selenium.remote.codec.w3c.W3CHttpResponseCodec.decode(W3CHttpResponseCodec.java:50)
	at org.openqa.selenium.remote.HttpCommandExecutor.execute(HttpCommandExecutor.java:190)
	at org.openqa.selenium.remote.service.DriverCommandExecutor.invokeExecute(DriverCommandExecutor.java:216)
	at org.openqa.selenium.remote.service.DriverCommandExecutor.execute(DriverCommandExecutor.java:174)
	at org.openqa.selenium.remote.RemoteWebDriver.execute(RemoteWebDriver.java:519)
	at org.openqa.selenium.remote.ElementLocation$ElementFinder$2.findElement(ElementLocation.java:165)
	at org.openqa.selenium.remote.ElementLocation.findElement(ElementLocation.java:59)
	at org.openqa.selenium.remote.RemoteWebDriver.findElement(RemoteWebDriver.java:356)
	at org.openqa.selenium.remote.RemoteWebDriver.findElement(RemoteWebDriver.java:350)
	at SpotifyLoginPageTest.testPasswordFieldPresent(SpotifyLoginPageTest.java:65)
	at java.base/jdk.internal.reflect.DirectMethodHandleAccessor.invoke(DirectMethodHandleAccessor.java:103)
	at java.base/java.lang.reflect.Method.invoke(Method.java:580)
	at org.testng.internal.invokers.MethodInvocationHelper.invokeMethod(MethodInvocationHelper.java:139)
	at org.testng.internal.invokers.TestInvoker.invokeMethod(TestInvoker.java:664)
	at org.testng.internal.invokers.TestInvoker.invokeTestMethod(TestInvoker.java:228)
	at org.testng.internal.invokers.MethodRunner.runInSequence(MethodRunner.java:63)
	at org.testng.internal.invokers.TestInvoker$MethodInvocationAgent.invoke(TestInvoker.java:961)
	at org.testng.internal.invokers.TestInvoker.invokeTestMethods(TestInvoker.java:201)
	at org.testng.internal.invokers.TestMethodWorker.invokeTestMethods(TestMethodWorker.java:148)
	at org.testng.internal.invokers.TestMethodWorker.run(TestMethodWorker.java:128)
	at java.base/java.util.ArrayList.forEach(ArrayList.java:1596)
	at org.testng.TestRunner.privateRun(TestRunner.java:819)
	at org.testng.TestRunner.run(TestRunner.java:619)
	at org.testng.SuiteRunner.runTest(SuiteRunner.java:443)
	at org.testng.SuiteRunner.runSequentially(SuiteRunner.java:437)
	at org.testng.SuiteRunner.privateRun(SuiteRunner.java:397)
	at org.testng.SuiteRunner.run(SuiteRunner.java:336)
	at org.testng.SuiteRunnerWorker.runSuite(SuiteRunnerWorker.java:52)
	at org.testng.SuiteRunnerWorker.run(SuiteRunnerWorker.java:95)
	at org.testng.TestNG.runSuitesSequentially(TestNG.java:1301)
	at org.testng.TestNG.runSuitesLocally(TestNG.java:1228)
	at org.testng.TestNG.runSuites(TestNG.java:1134)
	at org.testng.TestNG.run(TestNG.java:1101)
	at org.apache.maven.surefire.testng.TestNGExecutor.run(TestNGExecutor.java:308)
	at org.apache.maven.surefire.testng.TestNGXmlTestSuite.execute(TestNGXmlTestSuite.java:71)
	at org.apache.maven.surefire.testng.TestNGProvider.invoke(TestNGProvider.java:113)
	at org.apache.maven.surefire.booter.ForkedBooter.runSuitesInProcess(ForkedBooter.java:385)
	at org.apache.maven.surefire.booter.ForkedBooter.execute(ForkedBooter.java:162)
	at org.apache.maven.surefire.booter.ForkedBooter.run(ForkedBooter.java:507)
	at org.apache.maven.surefire.booter.ForkedBooter.main(ForkedBooter.java:495)
]]></failure>
  </testcase>
  <testcase name="testLoginButtonPresent" classname="SpotifyLoginPageTest" time="3.217">
    <system-out><![CDATA[Login button found: Continue
]]></system-out>
  </testcase>
  <testcase name="testLoginPageIsHTTPS" classname="SpotifyLoginPageTest" time="3.256">
    <system-out><![CDATA[Login page is secure: https://accounts.spotify.com/en/login
]]></system-out>
  </testcase>
  <testcase name="testSignupPageLoads" classname="SpotifySignupPageTest" time="9.572">
    <system-out><![CDATA[Signup page title: Sign up - Spotify
]]></system-out>
    <system-err><![CDATA[Apr 07, 2026 1:53:36 PM org.openqa.selenium.devtools.CdpVersionFinder findNearestMatch
WARNING: Unable to find CDP implementation matching 146
Apr 07, 2026 1:53:36 PM org.openqa.selenium.chromium.ChromiumDriver lambda$new$5
WARNING: Unable to find version of CDP to use for 146.0.7680.178. You may need to include a dependency on a specific version of the CDP using something similar to `org.seleniumhq.selenium:selenium-devtools-v86:4.18.1` where the version ("v86") matches the version of the chromium-based browser you're using and the version number of the artifact is the same as Selenium's.
]]></system-err>
  </testcase>
  <testcase name="testSignupPageURL" classname="SpotifySignupPageTest" time="3.242">
    <system-out><![CDATA[Signup URL: https://www.spotify.com/us/signup
]]></system-out>
  </testcase>
  <testcase name="testEmailFieldPresent" classname="SpotifySignupPageTest" time="3.264">
    <system-out><![CDATA[Email field found and visible
]]></system-out>
  </testcase>
  <testcase name="testSignupPageIsHTTPS" classname="SpotifySignupPageTest" time="3.19">
    <system-out><![CDATA[Signup page is secure: https://www.spotify.com/us/signup
]]></system-out>
  </testcase>
  <testcase name="testSignupTitleContainsSpotify" classname="SpotifySignupPageTest" time="3.193">
    <system-out><![CDATA[Signup title confirmed: Sign up - Spotify
]]></system-out>
  </testcase>
  <testcase name="testSignupURLNotEqualToLogin" classname="SpotifySignupPageTest" time="4.551">
    <system-out><![CDATA[Signup and login pages are separate — confirmed
]]></system-out>
  </testcase>
</testsuite>