<?xml version="1.0" encoding="UTF-8"?>
<!-- Generated by org.testng.reporters.JUnitXMLReporter -->
<testsuite ignored="0" hostname="Ishitas-MacBook-Pro.local" failures="0" tests="5" name="Gabriella - Accessibility Tests" time="16.989" errors="0" timestamp="2026-04-09T00:39:23 EDT">
  <testcase classname="SpotifyAccessibilityTest" name="testHomePageResponse200" time="0.661"/>
  <testcase classname="SpotifyAccessibilityTest" name="testPremiumPageResponse200" time="0.53"/>
  <testcase classname="SpotifyAccessibilityTest" name="testDownloadPageResponse200" time="0.955"/>
  <testcase classname="SpotifyAccessibilityTest" name="testPageHeaderVisibility" time="6.165"/>
  <testcase classname="SpotifyAccessibilityTest" name="testFooterIntegrity" time="5.504"/>
</testsuite> <!-- Gabriella - Accessibility Tests -->
