<?xml version="1.0" encoding="UTF-8"?>
<!-- Generated by org.testng.reporters.JUnitXMLReporter -->
<testsuite ignored="0" hostname="Ishitas-MacBook-Pro.local" failures="0" tests="6" name="Gabriella - Premium Page Tests" time="35.071" errors="0" timestamp="2026-04-09T00:38:32 EDT">
  <testcase classname="SpotifyPremiumPageTest" name="testPageLoadAndHeading" time="5.141"/>
  <testcase classname="SpotifyPremiumPageTest" name="testPremiumContentPresence" time="4.508"/>
  <testcase classname="SpotifyPremiumPageTest" name="testPremiumPageContainsIndividualPlan" time="2.459"/>
  <testcase classname="SpotifyPremiumPageTest" name="testScrollToFooter" time="5.983"/>
  <testcase classname="SpotifyPremiumPageTest" name="testSupportLinkHighlighted" time="5.54"/>
  <testcase classname="SpotifyPremiumPageTest" name="testLoginButtonHighlightedAndClickable" time="7.295"/>
</testsuite> <!-- Gabriella - Premium Page Tests -->
