<?xml version="1.0" encoding="UTF-8"?>
<!-- Generated by org.testng.reporters.JUnitXMLReporter -->
<testsuite ignored="0" hostname="Ishitas-MacBook-Pro.local" failures="0" tests="6" name="Gabriella - Premium Page Tests" time="34.163" errors="0" timestamp="2026-04-08T16:47:21 EDT">
  <testcase classname="SpotifyPremiumPageTest" name="testPremiumPageLoads" time="6.81"/>
  <testcase classname="SpotifyPremiumPageTest" name="testPremiumPageURL" time="3.456"/>
  <testcase classname="SpotifyPremiumPageTest" name="testPremiumPageContainsPremiumText" time="3.234"/>
  <testcase classname="SpotifyPremiumPageTest" name="testPremiumPageContainsIndividualPlan" time="2.801"/>
  <testcase classname="SpotifyPremiumPageTest" name="testPremiumPageButtonPresent" time="3.076"/>
  <testcase classname="SpotifyPremiumPageTest" name="testPremiumPageIsHTTPS" time="3.919"/>
</testsuite> <!-- Gabriella - Premium Page Tests -->
