<?xml version="1.0" encoding="UTF-8"?>
<!-- Generated by org.testng.reporters.JUnitXMLReporter -->
<testsuite ignored="0" hostname="Ishitas-MacBook-Pro.local" failures="0" tests="6" name="Ishita - Home Page Tests" time="18.024" errors="0" timestamp="2026-04-07T13:52:40 EDT">
  <testcase classname="SpotifyHomePageTest" name="testHomePageTitle" time="4.551"/>
  <testcase classname="SpotifyHomePageTest" name="testHomePageURL" time="2.364"/>
  <testcase classname="SpotifyHomePageTest" name="testLoginButtonPresent" time="2.366"/>
  <testcase classname="SpotifyHomePageTest" name="testSignupButtonPresent" time="2.31"/>
  <testcase classname="SpotifyHomePageTest" name="testPageNotEmpty" time="2.527"/>
  <testcase classname="SpotifyHomePageTest" name="testHomePageLoadsSuccessfully" time="2.364"/>
</testsuite> <!-- Ishita - Home Page Tests -->
