<?xml version="1.0" encoding="UTF-8"?>
<!-- Generated by org.testng.reporters.JUnitXMLReporter -->
<testsuite ignored="0" hostname="Ishitas-MacBook-Pro.local" failures="0" tests="6" name="Ishita - Search Tests" time="20.087" errors="0" timestamp="2026-04-07T22:00:59 EDT">
  <testcase classname="SpotifySearchTest" name="testSearchPageURL" time="4.211"/>
  <testcase classname="SpotifySearchTest" name="testSearchPageTitle" time="2.492"/>
  <testcase classname="SpotifySearchTest" name="testSearchPageLoads" time="2.643"/>
  <testcase classname="SpotifySearchTest" name="testSearchURLContainsSearch" time="2.419"/>
  <testcase classname="SpotifySearchTest" name="testSearchPageHTTPS" time="2.426"/>
  <testcase classname="SpotifySearchTest" name="testSearchPageNotEqualToHome" time="4.767"/>
</testsuite> <!-- Ishita - Search Tests -->
