<?xml version="1.0" encoding="UTF-8"?>
<!-- Generated by org.testng.reporters.JUnitXMLReporter -->
<testsuite ignored="0" hostname="Ishitas-MacBook-Pro.local" failures="0" tests="6" name="Ishita - Home Page Tests" time="45.519" errors="0" timestamp="2026-04-09T00:33:39 EDT">
  <testcase classname="SpotifyHomePageTest" name="testClickMusicAndScroll" time="5.126"/>
  <testcase classname="SpotifyHomePageTest" name="testClickPodcastsAndScroll" time="5.123"/>
  <testcase classname="SpotifyHomePageTest" name="testClickAudiobooksAndScroll" time="5.113"/>
  <testcase classname="SpotifyHomePageTest" name="testGoBackToMusicAndClickFollowing" time="6.199"/>
  <testcase classname="SpotifyHomePageTest" name="testClickBrowseArtistsAndScroll" time="5.103"/>
  <testcase classname="SpotifyHomePageTest" name="testHomePageIsHTTPS" time="3.551"/>
</testsuite> <!-- Ishita - Home Page Tests -->
