<?xml version="1.0" encoding="UTF-8"?>
<!-- Generated by org.testng.reporters.JUnitXMLReporter -->
<testsuite ignored="0" hostname="Ishitas-MacBook-Pro.local" failures="0" tests="6" name="Ishita - Signup Page Tests" time="57.227" errors="0" timestamp="2026-04-09T00:37:13 EDT">
  <testcase classname="SpotifySignupPageTest" name="testSignupPageLoads" time="7.284"/>
  <testcase classname="SpotifySignupPageTest" name="testInvalidEmailFormatShowsError" time="11.74"/>
  <testcase classname="SpotifySignupPageTest" name="testExistingEmailShowsError" time="14.883"/>
  <testcase classname="SpotifySignupPageTest" name="testValidEmailAcceptedAndFormLoads" time="16.497"/>
  <testcase classname="SpotifySignupPageTest" name="testSignupPageIsHTTPS" time="2.286"/>
  <testcase classname="SpotifySignupPageTest" name="testSignupTitleContainsSpotify" time="3.267"/>
</testsuite> <!-- Ishita - Signup Page Tests -->
