<?xml version="1.0" encoding="UTF-8"?>
<!-- Generated by org.testng.reporters.JUnitXMLReporter -->
<testsuite ignored="0" hostname="Ishitas-MacBook-Pro.local" failures="0" tests="6" name="Ishita - Signup Page Tests" time="34.507" errors="0" timestamp="2026-04-07T22:02:10 EDT">
  <testcase classname="SpotifySignupPageTest" name="testSignupPageLoads" time="5.469"/>
  <testcase classname="SpotifySignupPageTest" name="testSignupPageURL" time="3.298"/>
  <testcase classname="SpotifySignupPageTest" name="testEmailFieldPresent" time="3.325"/>
  <testcase classname="SpotifySignupPageTest" name="testSignupPageIsHTTPS" time="3.233"/>
  <testcase classname="SpotifySignupPageTest" name="testSignupTitleContainsSpotify" time="3.312"/>
  <testcase classname="SpotifySignupPageTest" name="testSignupURLNotEqualToLogin" time="4.797"/>
</testsuite> <!-- Ishita - Signup Page Tests -->
