<?xml version="1.0" encoding="UTF-8"?>
<!-- Generated by org.testng.reporters.JUnitXMLReporter -->
<testsuite ignored="0" hostname="Ishitas-MacBook-Pro.local" failures="0" tests="6" name="Ishita - Search Tests" time="23.883" errors="0" timestamp="2026-04-08T16:40:50 EDT">
  <testcase classname="SpotifySearchTest" name="testSearchPageLoads" time="0.0">
    <skipped/>
  </testcase> <!-- testSearchPageLoads -->
  <testcase classname="SpotifySearchTest" name="testSearchForDrake" time="0.0">
    <skipped/>
  </testcase> <!-- testSearchForDrake -->
  <testcase classname="SpotifySearchTest" name="testSearchForHonestlyNevermind" time="0.0">
    <skipped/>
  </testcase> <!-- testSearchForHonestlyNevermind -->
  <testcase classname="SpotifySearchTest" name="testSearchResultsHaveContent" time="0.0">
    <skipped/>
  </testcase> <!-- testSearchResultsHaveContent -->
  <testcase classname="SpotifySearchTest" name="testClearSearchAndSearchAgain" time="0.0">
    <skipped/>
  </testcase> <!-- testClearSearchAndSearchAgain -->
  <testcase classname="SpotifySearchTest" name="testSearchPageIsHTTPS" time="0.0">
    <skipped/>
  </testcase> <!-- testSearchPageIsHTTPS -->
</testsuite> <!-- Ishita - Search Tests -->
