<?xml version="1.0" encoding="UTF-8"?>
<!-- Generated by org.testng.reporters.JUnitReportReporter -->
<testsuite hostname="Ishitas-MacBook-Pro.local" failures="0" tests="6" name="SpotifyNavigationTest" time="40.408" errors="0" timestamp="2026-04-09T00:39:23 EDT" skipped="0">
  <testcase classname="SpotifyNavigationTest" name="testHomeNavigation" time="4.394"/>
  <testcase classname="SpotifyNavigationTest" name="testPremiumJourney" time="7.065"/>
  <testcase classname="SpotifyNavigationTest" name="testDownloadJourney" time="6.964"/>
  <testcase classname="SpotifyNavigationTest" name="testSupportJourney" time="10.972"/>
  <testcase classname="SpotifyNavigationTest" name="testLogoHomeRedirect" time="5.520"/>
  <testcase classname="SpotifyNavigationTest" name="testFooterExists" time="5.493"/>
</testsuite> <!-- SpotifyNavigationTest -->
