<?xml version="1.0" encoding="UTF-8"?>
<!-- Generated by org.testng.reporters.JUnitReportReporter -->
<testsuite hostname="Ishitas-MacBook-Pro.local" failures="0" tests="6" name="SpotifyAccessibilityTest" time="17.184" errors="0" timestamp="2026-04-08T16:48:16 EDT" skipped="0">
  <testcase classname="SpotifyAccessibilityTest" name="testHomePageResponse200" time="0.612"/>
  <testcase classname="SpotifyAccessibilityTest" name="testPremiumPageResponse200" time="0.327"/>
  <testcase classname="SpotifyAccessibilityTest" name="testDownloadPageResponse200" time="0.745"/>
  <testcase classname="SpotifyAccessibilityTest" name="testPageTitleExists" time="9.943"/>
  <testcase classname="SpotifyAccessibilityTest" name="testURLisHTTPS" time="2.879"/>
  <testcase classname="SpotifyAccessibilityTest" name="testBodyContentExists" time="2.678"/>
</testsuite> <!-- SpotifyAccessibilityTest -->
