<?xml version="1.0" encoding="UTF-8"?>
<!-- Generated by org.testng.reporters.JUnitReportReporter -->
<testsuite hostname="Ishitas-MacBook-Pro.local" failures="0" tests="6" name="SpotifyLoginPageTest" time="74.705" errors="0" timestamp="2026-04-09T00:39:23 EDT" skipped="0">
  <testcase classname="SpotifyLoginPageTest" name="testLoginPageLoads" time="5.317"/>
  <testcase classname="SpotifyLoginPageTest" name="testLoginPageURLIsHTTPS" time="2.211"/>
  <testcase classname="SpotifyLoginPageTest" name="testEmailFieldHighlightedAndFilled" time="9.986"/>
  <testcase classname="SpotifyLoginPageTest" name="testEmailContinueAndPasswordField" time="18.811"/>
  <testcase classname="SpotifyLoginPageTest" name="testFullLoginAndVerifyHomepage" time="27.652"/>
  <testcase classname="SpotifyLoginPageTest" name="testVerifyLoggedInWithCookies" time="10.728"/>
</testsuite> <!-- SpotifyLoginPageTest -->
