<?xml version="1.0" encoding="UTF-8"?>
<!-- Generated by org.testng.reporters.JUnitReportReporter -->
<testsuite hostname="Ishitas-MacBook-Pro.local" failures="0" tests="6" name="SpotifyAccessibilityTest" time="11.488" errors="0" timestamp="2026-04-07T22:03:45 EDT" skipped="0">
  <testcase classname="SpotifyAccessibilityTest" name="testHomePageResponse200" time="0.688"/>
  <testcase classname="SpotifyAccessibilityTest" name="testPremiumPageResponse200" time="0.564"/>
  <testcase classname="SpotifyAccessibilityTest" name="testDownloadPageResponse200" time="1.007"/>
  <testcase classname="SpotifyAccessibilityTest" name="testPageTitleExists" time="3.992"/>
  <testcase classname="SpotifyAccessibilityTest" name="testURLisHTTPS" time="2.608"/>
  <testcase classname="SpotifyAccessibilityTest" name="testBodyContentExists" time="2.629"/>
</testsuite> <!-- SpotifyAccessibilityTest -->
