<?xml version="1.0" encoding="UTF-8"?>
<!-- Generated by org.testng.reporters.JUnitReportReporter -->
<testsuite hostname="Ishitas-MacBook-Pro.local" failures="0" tests="6" name="SpotifySignupPageTest" time="27.008" errors="0" timestamp="2026-04-07T13:54:12 EDT" skipped="0">
  <testcase classname="SpotifySignupPageTest" name="testSignupPageLoads" time="9.571"/>
  <testcase classname="SpotifySignupPageTest" name="testSignupPageURL" time="3.241"/>
  <testcase classname="SpotifySignupPageTest" name="testEmailFieldPresent" time="3.264"/>
  <testcase classname="SpotifySignupPageTest" name="testSignupPageIsHTTPS" time="3.190"/>
  <testcase classname="SpotifySignupPageTest" name="testSignupTitleContainsSpotify" time="3.192"/>
  <testcase classname="SpotifySignupPageTest" name="testSignupURLNotEqualToLogin" time="4.550"/>
</testsuite> <!-- SpotifySignupPageTest -->
