<?xml version="1.0" encoding="UTF-8"?>
<!-- Generated by org.testng.reporters.JUnitReportReporter -->
<testsuite hostname="Ishitas-MacBook-Pro.local" failures="0" tests="6" name="SpotifySearchTest" time="17.509" errors="0" timestamp="2026-04-07T13:54:12 EDT" skipped="0">
  <testcase classname="SpotifySearchTest" name="testSearchPageURL" time="3.484"/>
  <testcase classname="SpotifySearchTest" name="testSearchPageTitle" time="2.346"/>
  <testcase classname="SpotifySearchTest" name="testSearchPageLoads" time="2.436"/>
  <testcase classname="SpotifySearchTest" name="testSearchURLContainsSearch" time="2.257"/>
  <testcase classname="SpotifySearchTest" name="testSearchPageHTTPS" time="2.343"/>
  <testcase classname="SpotifySearchTest" name="testSearchPageNotEqualToHome" time="4.643"/>
</testsuite> <!-- SpotifySearchTest -->
