<?xml version="1.0" encoding="UTF-8"?>
<!-- Generated by org.testng.reporters.JUnitReportReporter -->
<testsuite hostname="Ishitas-MacBook-Pro.local" failures="0" tests="6" name="SpotifyDownloadPageTest" time="28.718" errors="0" timestamp="2026-04-08T16:48:16 EDT" skipped="0">
  <testcase classname="SpotifyDownloadPageTest" name="testDownloadPageLoads" time="7.143"/>
  <testcase classname="SpotifyDownloadPageTest" name="testDownloadPageURL" time="2.537"/>
  <testcase classname="SpotifyDownloadPageTest" name="testDownloadPageContainsMac" time="2.528"/>
  <testcase classname="SpotifyDownloadPageTest" name="testDownloadPageContainsMobile" time="11.274"/>
  <testcase classname="SpotifyDownloadPageTest" name="testDownloadPageHasLinks" time="2.612"/>
  <testcase classname="SpotifyDownloadPageTest" name="testDownloadPageIsHTTPS" time="2.624"/>
</testsuite> <!-- SpotifyDownloadPageTest -->
