<?xml version="1.0" encoding="UTF-8"?>
<!-- Generated by org.testng.reporters.JUnitReportReporter -->
<testsuite hostname="Ishitas-MacBook-Pro.local" failures="0" tests="6" name="SpotifyHomePageTest" time="16.482" errors="0" timestamp="2026-04-07T13:54:12 EDT" skipped="0">
  <testcase classname="SpotifyHomePageTest" name="testHomePageTitle" time="4.551"/>
  <testcase classname="SpotifyHomePageTest" name="testHomePageURL" time="2.364"/>
  <testcase classname="SpotifyHomePageTest" name="testLoginButtonPresent" time="2.366"/>
  <testcase classname="SpotifyHomePageTest" name="testSignupButtonPresent" time="2.310"/>
  <testcase classname="SpotifyHomePageTest" name="testPageNotEmpty" time="2.527"/>
  <testcase classname="SpotifyHomePageTest" name="testHomePageLoadsSuccessfully" time="2.364"/>
</testsuite> <!-- SpotifyHomePageTest -->
