<?xml version="1.0" encoding="UTF-8"?>
<!-- Generated by org.testng.reporters.JUnitReportReporter -->
<testsuite hostname="Ishitas-MacBook-Pro.local" failures="0" tests="6" name="SpotifyPremiumPageTest" time="15.674" errors="0" timestamp="2026-04-07T22:03:45 EDT" skipped="0">
  <testcase classname="SpotifyPremiumPageTest" name="testPremiumPageLoads" time="3.203"/>
  <testcase classname="SpotifyPremiumPageTest" name="testPremiumPageURL" time="2.522"/>
  <testcase classname="SpotifyPremiumPageTest" name="testPremiumPageContainsPremiumText" time="2.559"/>
  <testcase classname="SpotifyPremiumPageTest" name="testPremiumPageContainsIndividualPlan" time="2.470"/>
  <testcase classname="SpotifyPremiumPageTest" name="testPremiumPageButtonPresent" time="2.445"/>
  <testcase classname="SpotifyPremiumPageTest" name="testPremiumPageIsHTTPS" time="2.475"/>
</testsuite> <!-- SpotifyPremiumPageTest -->
