<?xml version="1.0" encoding="UTF-8"?>
<!-- Generated by org.testng.reporters.JUnitReportReporter -->
<testsuite hostname="Ishitas-MacBook-Pro.local" failures="0" tests="6" name="SpotifyHomePageTest" time="16.986" errors="0" timestamp="2026-04-07T22:03:45 EDT" skipped="0">
  <testcase classname="SpotifyHomePageTest" name="testHomePageTitle" time="4.503"/>
  <testcase classname="SpotifyHomePageTest" name="testHomePageURL" time="2.684"/>
  <testcase classname="SpotifyHomePageTest" name="testLoginButtonPresent" time="2.417"/>
  <testcase classname="SpotifyHomePageTest" name="testSignupButtonPresent" time="2.418"/>
  <testcase classname="SpotifyHomePageTest" name="testPageNotEmpty" time="2.564"/>
  <testcase classname="SpotifyHomePageTest" name="testHomePageLoadsSuccessfully" time="2.400"/>
</testsuite> <!-- SpotifyHomePageTest -->
