<?xml version="1.0" encoding="UTF-8"?>
<!-- Generated by org.testng.reporters.JUnitReportReporter -->
<testsuite hostname="Ishitas-MacBook-Pro.local" failures="0" tests="6" name="SpotifyDownloadPageTest" time="20.995" errors="0" timestamp="2026-04-09T00:39:23 EDT" skipped="0">
  <testcase classname="SpotifyDownloadPageTest" name="testDownloadPageNavigation" time="3.060"/>
  <testcase classname="SpotifyDownloadPageTest" name="testHighlightMicrosoftStoreButton" time="3.563"/>
  <testcase classname="SpotifyDownloadPageTest" name="testDirectDownloadLink" time="6.179"/>
  <testcase classname="SpotifyDownloadPageTest" name="testLoginLinkInteractivity" time="3.047"/>
  <testcase classname="SpotifyDownloadPageTest" name="testDownloadPageContainsMac" time="2.606"/>
  <testcase classname="SpotifyDownloadPageTest" name="testHeaderBrandingIntegrity" time="2.540"/>
</testsuite> <!-- SpotifyDownloadPageTest -->
